<?xml version="1.0" encoding="UTF-8" ?>
<testsuite failures="0" time="431.95" errors="2" skipped="6" tests="8" name="com.Udemy.TestRunner">
  <properties>
    <property name="java.runtime.name" value="Java(TM) SE Runtime Environment"/>
    <property name="sun.boot.library.path" value="C:\Program Files\Java\jdk1.7.0_45\jre\bin"/>
    <property name="java.vm.version" value="24.45-b08"/>
    <property name="java.vm.vendor" value="Oracle Corporation"/>
    <property name="maven.multiModuleProjectDirectory" value="C:\Tools\APPIUM\MyArtifactCucumber"/>
    <property name="java.vendor.url" value="http://java.oracle.com/"/>
    <property name="path.separator" value=";"/>
    <property name="guice.disable.misplaced.annotation.check" value="true"/>
    <property name="java.vm.name" value="Java HotSpot(TM) 64-Bit Server VM"/>
    <property name="file.encoding.pkg" value="sun.io"/>
    <property name="user.script" value=""/>
    <property name="user.country" value="GB"/>
    <property name="sun.java.launcher" value="SUN_STANDARD"/>
    <property name="sun.os.patch.level" value="Service Pack 1"/>
    <property name="java.vm.specification.name" value="Java Virtual Machine Specification"/>
    <property name="user.dir" value="C:\Tools\APPIUM\MyArtifactCucumber"/>
    <property name="java.runtime.version" value="1.7.0_45-b18"/>
    <property name="java.awt.graphicsenv" value="sun.awt.Win32GraphicsEnvironment"/>
    <property name="java.endorsed.dirs" value="C:\Program Files\Java\jdk1.7.0_45\jre\lib\endorsed"/>
    <property name="os.arch" value="amd64"/>
    <property name="java.io.tmpdir" value="C:\Users\General\AppData\Local\Temp\"/>
    <property name="line.separator" value="
"/>
    <property name="java.vm.specification.vendor" value="Oracle Corporation"/>
    <property name="user.variant" value=""/>
    <property name="os.name" value="Windows 7"/>
    <property name="classworlds.conf" value="C:\Tools\WorkspaceBGW\.metadata\.plugins\org.eclipse.m2e.launching\launches\m2conf6380876692845183199.tmp"/>
    <property name="sun.jnu.encoding" value="Cp1252"/>
    <property name="java.library.path" value="C:\Program Files\Java\jdk1.7.0_45\bin;C:\windows\Sun\Java\bin;C:\windows\system32;C:\windows;C:\ProgramData\Oracle\Java\javapath;C:\Program Files\Common Files\Microsoft Shared\Windows Live;C:\Program Files (x86)\Common Files\Microsoft Shared\Windows Live;C:\windows\system32;C:\windows;C:\windows\System32\Wbem;C:\windows\System32\WindowsPowerShell\v1.0\;C:\Program Files (x86)\Windows Live\Shared;C:\apache-maven-3.1.1\bin;C:\Program Files\Java\jdk1.7.0_45\bin;C:\Program Files\TortoiseSVN\bin;C:\Program Files (x86)\Skype\Phone\;C:\Program Files (x86)\Mozilla Firefox;C:\ProgramData\Oracle\Java\javapath;C:\Program Files\Common Files\Microsoft Shared\Windows Live;C:\Program Files (x86)\Common Files\Microsoft Shared\Windows Live;C:\windows\system32;C:\windows;C:\windows\System32\Wbem;C:\windows\System32\WindowsPowerShell\v1.0\;C:\Program Files (x86)\Windows Live\Shared;C:\apache-maven-3.1.1\bin;C:\Program Files\Java\jdk1.7.0_45\bin;C:\Program Files\TortoiseSVN\bin;C:\Program Files (x86)\Skype\Phone\;C:\Tools\Git\cmd;."/>
    <property name="java.specification.name" value="Java Platform API Specification"/>
    <property name="java.class.version" value="51.0"/>
    <property name="sun.management.compiler" value="HotSpot 64-Bit Tiered Compilers"/>
    <property name="os.version" value="6.1"/>
    <property name="user.home" value="C:\Users\General"/>
    <property name="user.timezone" value="Europe/London"/>
    <property name="java.awt.printerjob" value="sun.awt.windows.WPrinterJob"/>
    <property name="java.specification.version" value="1.7"/>
    <property name="file.encoding" value="Cp1252"/>
    <property name="user.name" value="General"/>
    <property name="java.class.path" value="/C:/Tools/eclipse/plugins/org.eclipse.m2e.maven.runtime_1.6.2.20150902-0001/jars/plexus-classworlds-2.5.2.jar"/>
    <property name="java.vm.specification.version" value="1.7"/>
    <property name="sun.arch.data.model" value="64"/>
    <property name="java.home" value="C:\Program Files\Java\jdk1.7.0_45\jre"/>
    <property name="sun.java.command" value="org.codehaus.plexus.classworlds.launcher.Launcher -B clean install"/>
    <property name="java.specification.vendor" value="Oracle Corporation"/>
    <property name="user.language" value="en"/>
    <property name="awt.toolkit" value="sun.awt.windows.WToolkit"/>
    <property name="java.vm.info" value="mixed mode"/>
    <property name="java.version" value="1.7.0_45"/>
    <property name="java.ext.dirs" value="C:\Program Files\Java\jdk1.7.0_45\jre\lib\ext;C:\windows\Sun\Java\lib\ext"/>
    <property name="sun.boot.class.path" value="C:\Program Files\Java\jdk1.7.0_45\jre\lib\resources.jar;C:\Program Files\Java\jdk1.7.0_45\jre\lib\rt.jar;C:\Program Files\Java\jdk1.7.0_45\jre\lib\sunrsasign.jar;C:\Program Files\Java\jdk1.7.0_45\jre\lib\jsse.jar;C:\Program Files\Java\jdk1.7.0_45\jre\lib\jce.jar;C:\Program Files\Java\jdk1.7.0_45\jre\lib\charsets.jar;C:\Program Files\Java\jdk1.7.0_45\jre\lib\jfr.jar;C:\Program Files\Java\jdk1.7.0_45\jre\classes"/>
    <property name="java.vendor" value="Oracle Corporation"/>
    <property name="maven.home" value="C:\Tools\APPIUM\MyArtifactCucumber\EMBEDDED"/>
    <property name="file.separator" value="\"/>
    <property name="java.vendor.url.bug" value="http://bugreport.sun.com/bugreport/"/>
    <property name="sun.cpu.endian" value="little"/>
    <property name="sun.io.unicode.encoding" value="UnicodeLittle"/>
    <property name="sun.desktop" value="windows"/>
    <property name="sun.cpu.isalist" value="amd64"/>
  </properties>
  <testcase time="48.121" classname="Scenario: I want to login to Udemy site with my email" name="Scenario: I want to login to Udemy site with my email">
    <error message="Failed to instantiate class com.Udemy.UdemyStartingSteps" type="cucumber.runtime.CucumberException">cucumber.runtime.CucumberException: Failed to instantiate class com.Udemy.UdemyStartingSteps
	at cucumber.runtime.java.DefaultJavaObjectFactory.cacheNewInstance(DefaultJavaObjectFactory.java:46)
	at cucumber.runtime.java.DefaultJavaObjectFactory.getInstance(DefaultJavaObjectFactory.java:32)
	at cucumber.runtime.java.JavaHookDefinition.execute(JavaHookDefinition.java:60)
	at cucumber.runtime.Runtime.runHookIfTagsMatch(Runtime.java:223)
	at cucumber.runtime.Runtime.runHooks(Runtime.java:211)
	at cucumber.runtime.Runtime.runBeforeHooks(Runtime.java:201)
	at cucumber.runtime.model.CucumberScenario.run(CucumberScenario.java:40)
	at cucumber.runtime.junit.ExecutionUnitRunner.run(ExecutionUnitRunner.java:91)
	at cucumber.runtime.junit.FeatureRunner.runChild(FeatureRunner.java:63)
	at cucumber.runtime.junit.FeatureRunner.runChild(FeatureRunner.java:18)
	at org.junit.runners.ParentRunner$3.run(ParentRunner.java:290)
	at org.junit.runners.ParentRunner$1.schedule(ParentRunner.java:71)
	at org.junit.runners.ParentRunner.runChildren(ParentRunner.java:288)
	at org.junit.runners.ParentRunner.access$000(ParentRunner.java:58)
	at org.junit.runners.ParentRunner$2.evaluate(ParentRunner.java:268)
	at org.junit.runners.ParentRunner.run(ParentRunner.java:363)
	at cucumber.runtime.junit.FeatureRunner.run(FeatureRunner.java:70)
	at cucumber.api.junit.Cucumber.runChild(Cucumber.java:93)
	at cucumber.api.junit.Cucumber.runChild(Cucumber.java:37)
	at org.junit.runners.ParentRunner$3.run(ParentRunner.java:290)
	at org.junit.runners.ParentRunner$1.schedule(ParentRunner.java:71)
	at org.junit.runners.ParentRunner.runChildren(ParentRunner.java:288)
	at org.junit.runners.ParentRunner.access$000(ParentRunner.java:58)
	at org.junit.runners.ParentRunner$2.evaluate(ParentRunner.java:268)
	at org.junit.runners.ParentRunner.run(ParentRunner.java:363)
	at cucumber.api.junit.Cucumber.run(Cucumber.java:98)
	at org.apache.maven.surefire.junit4.JUnit4Provider.execute(JUnit4Provider.java:252)
	at org.apache.maven.surefire.junit4.JUnit4Provider.executeTestSet(JUnit4Provider.java:141)
	at org.apache.maven.surefire.junit4.JUnit4Provider.invoke(JUnit4Provider.java:112)
	at sun.reflect.NativeMethodAccessorImpl.invoke0(Native Method)
	at sun.reflect.NativeMethodAccessorImpl.invoke(NativeMethodAccessorImpl.java:57)
	at sun.reflect.DelegatingMethodAccessorImpl.invoke(DelegatingMethodAccessorImpl.java:43)
	at java.lang.reflect.Method.invoke(Method.java:606)
	at org.apache.maven.surefire.util.ReflectionUtils.invokeMethodWithArray(ReflectionUtils.java:189)
	at org.apache.maven.surefire.booter.ProviderFactory$ProviderProxy.invoke(ProviderFactory.java:165)
	at org.apache.maven.surefire.booter.ProviderFactory.invokeProvider(ProviderFactory.java:85)
	at org.apache.maven.surefire.booter.ForkedBooter.runSuitesInProcess(ForkedBooter.java:115)
	at org.apache.maven.surefire.booter.ForkedBooter.main(ForkedBooter.java:75)
Caused by: java.lang.reflect.InvocationTargetException
	at sun.reflect.NativeConstructorAccessorImpl.newInstance0(Native Method)
	at sun.reflect.NativeConstructorAccessorImpl.newInstance(NativeConstructorAccessorImpl.java:57)
	at sun.reflect.DelegatingConstructorAccessorImpl.newInstance(DelegatingConstructorAccessorImpl.java:45)
	at java.lang.reflect.Constructor.newInstance(Constructor.java:526)
	at cucumber.runtime.java.DefaultJavaObjectFactory.cacheNewInstance(DefaultJavaObjectFactory.java:40)
	... 37 more
Caused by: org.openqa.selenium.WebDriverException: Failed to connect to binary FirefoxBinary(C:\Program Files (x86)\Mozilla Firefox\firefox.exe) on port 7055; process output follows: 
 load of &apos;activedetect32.dll&apos; -- see http://www.mozilla.com/en-US/blocklist/
LdrLoadDll: Blocking load of &apos;activedetect32.dll&apos; -- see http://www.mozilla.com/en-US/blocklist/
LdrLoadDll: Blocking load of &apos;activedetect32.dll&apos; -- see http://www.mozilla.com/en-US/blocklist/
LdrLoadDll: Blocking load of &apos;activedetect32.dll&apos; -- see http://www.mozilla.com/en-US/blocklist/
LdrLoadDll: Blocking load of &apos;activedetect32.dll&apos; -- see http://www.mozilla.com/en-US/blocklist/
LdrLoadDll: Blocking load of &apos;activedetect32.dll&apos; -- see http://www.mozilla.com/en-US/blocklist/
LdrLoadDll: Blocking load of &apos;activedetect32.dll&apos; -- see http://www.mozilla.com/en-US/blocklist/
LdrLoadDll: Blocking load of &apos;activedetect32.dll&apos; -- see http://www.mozilla.com/en-US/blocklist/
LdrLoadDll: Blocking load of &apos;activedetect32.dll&apos; -- see http://www.mozilla.com/en-US/blocklist/
LdrLoadDll: Blocking load of &apos;activedetect32.dll&apos; -- see http://www.mozilla.com/en-US/blocklist/
LdrLoadDll: Blocking load of &apos;activedetect32.dll&apos; -- see http://www.mozilla.com/en-US/blocklist/
LdrLoadDll: Blocking load of &apos;activedetect32.dll&apos; -- see http://www.mozilla.com/en-US/blocklist/
LdrLoadDll: Blocking load of &apos;activedetect32.dll&apos; -- see http://www.mozilla.com/en-US/blocklist/
LdrLoadDll: Blocking load of &apos;activedetect32.dll&apos; -- see http://www.mozilla.com/en-US/blocklist/
LdrLoadDll: Blocking load of &apos;activedetect32.dll&apos; -- see http://www.mozilla.com/en-US/blocklist/
LdrLoadDll: Blocking load of &apos;activedetect32.dll&apos; -- see http://www.mozilla.com/en-US/blocklist/
LdrLoadDll: Blocking load of &apos;activedetect32.dll&apos; -- see http://www.mozilla.com/en-US/blocklist/
LdrLoadDll: Blocking load of &apos;activedetect32.dll&apos; -- see http://www.mozilla.com/en-US/blocklist/
LdrLoadDll: Blocking load of &apos;activedetect32.dll&apos; -- see http://www.mozilla.com/en-US/blocklist/
LdrLoadDll: Blocking load of &apos;activedetect32.dll&apos; -- see http://www.mozilla.com/en-US/blocklist/
LdrLoadDll: Blocking load of &apos;activedetect32.dll&apos; -- see http://www.mozilla.com/en-US/blocklist/
LdrLoadDll: Blocking load of &apos;activedetect32.dll&apos; -- see http://www.mozilla.com/en-US/blocklist/
LdrLoadDll: Blocking load of &apos;activedetect32.dll&apos; -- see http://www.mozilla.com/en-US/blocklist/
LdrLoadDll: Blocking load of &apos;activedetect32.dll&apos; -- see http://www.mozilla.com/en-US/blocklist/
LdrLoadDll: Blocking load of &apos;activedetect32.dll&apos; -- see http://www.mozilla.com/en-US/blocklist/
LdrLoadDll: Blocking load of &apos;activedetect32.dll&apos; -- see http://www.mozilla.com/en-US/blocklist/
LdrLoadDll: Blocking load of &apos;activedetect32.dll&apos; -- see http://www.mozilla.com/en-US/blocklist/
LdrLoadDll: Blocking load of &apos;activedetect32.dll&apos; -- see http://www.mozilla.com/en-US/blocklist/
LdrLoadDll: Blocking load of &apos;activedetect32.dll&apos; -- see http://www.mozilla.com/en-US/blocklist/
LdrLoadDll: Blocking load of &apos;activedetect32.dll&apos; -- see http://www.mozilla.com/en-US/blocklist/
LdrLoadDll: Blocking load of &apos;activedetect32.dll&apos; -- see http://www.mozilla.com/en-US/blocklist/
LdrLoadDll: Blocking load of &apos;activedetect32.dll&apos; -- see http://www.mozilla.com/en-US/blocklist/
LdrLoadDll: Blocking load of &apos;activedetect32.dll&apos; -- see http://www.mozilla.com/en-US/blocklist/
LdrLoadDll: Blocking load of &apos;activedetect32.dll&apos; -- see http://www.mozilla.com/en-US/blocklist/
LdrLoadDll: Blocking load of &apos;activedetect32.dll&apos; -- see http://www.mozilla.com/en-US/blocklist/
LdrLoadDll: Blocking load of &apos;activedetect32.dll&apos; -- see http://www.mozilla.com/en-US/blocklist/
LdrLoadDll: Blocking load of &apos;activedetect32.dll&apos; -- see http://www.mozilla.com/en-US/blocklist/
LdrLoadDll: Blocking load of &apos;activedetect32.dll&apos; -- see http://www.mozilla.com/en-US/blocklist/
LdrLoadDll: Blocking load of &apos;activedetect32.dll&apos; -- see http://www.mozilla.com/en-US/blocklist/
LdrLoadDll: Blocking load of &apos;activedetect32.dll&apos; -- see http://www.mozilla.com/en-US/blocklist/
LdrLoadDll: Blocking load of &apos;activedetect32.dll&apos; -- see http://www.mozilla.com/en-US/blocklist/
LdrLoadDll: Blocking load of &apos;activedetect32.dll&apos; -- see http://www.mozilla.com/en-US/blocklist/

Build info: version: &apos;2.47.1&apos;, revision: &apos;unknown&apos;, time: &apos;2015-07-30 11:02:44&apos;
System info: host: &apos;Lateef-PC&apos;, ip: &apos;192.168.1.126&apos;, os.name: &apos;Windows 7&apos;, os.arch: &apos;amd64&apos;, os.version: &apos;6.1&apos;, java.version: &apos;1.7.0_45&apos;
Driver info: driver.version: FirefoxDriver
	at org.openqa.selenium.firefox.internal.NewProfileExtensionConnection.start(NewProfileExtensionConnection.java:134)
	at org.openqa.selenium.firefox.FirefoxDriver.startClient(FirefoxDriver.java:276)
	at org.openqa.selenium.remote.RemoteWebDriver.&lt;init&gt;(RemoteWebDriver.java:116)
	at org.openqa.selenium.firefox.FirefoxDriver.&lt;init&gt;(FirefoxDriver.java:221)
	at org.openqa.selenium.firefox.FirefoxDriver.&lt;init&gt;(FirefoxDriver.java:216)
	at org.openqa.selenium.firefox.FirefoxDriver.&lt;init&gt;(FirefoxDriver.java:212)
	at org.openqa.selenium.firefox.FirefoxDriver.&lt;init&gt;(FirefoxDriver.java:125)
	at com.Udemy.DriverFactory.createNewDriverInstance(DriverFactory.java:23)
	at com.Udemy.DriverFactory.initialize(DriverFactory.java:19)
	at com.Udemy.DriverFactory.&lt;init&gt;(DriverFactory.java:14)
	at com.Udemy.UdemyStartingSteps.&lt;init&gt;(UdemyStartingSteps.java:10)
	... 42 more
Caused by: org.openqa.selenium.firefox.NotConnectedException: Unable to connect to host 127.0.0.1 on port 7055 after 45000 ms. Firefox console output:
 load of &apos;activedetect32.dll&apos; -- see http://www.mozilla.com/en-US/blocklist/
LdrLoadDll: Blocking load of &apos;activedetect32.dll&apos; -- see http://www.mozilla.com/en-US/blocklist/
LdrLoadDll: Blocking load of &apos;activedetect32.dll&apos; -- see http://www.mozilla.com/en-US/blocklist/
LdrLoadDll: Blocking load of &apos;activedetect32.dll&apos; -- see http://www.mozilla.com/en-US/blocklist/
LdrLoadDll: Blocking load of &apos;activedetect32.dll&apos; -- see http://www.mozilla.com/en-US/blocklist/
LdrLoadDll: Blocking load of &apos;activedetect32.dll&apos; -- see http://www.mozilla.com/en-US/blocklist/
LdrLoadDll: Blocking load of &apos;activedetect32.dll&apos; -- see http://www.mozilla.com/en-US/blocklist/
LdrLoadDll: Blocking load of &apos;activedetect32.dll&apos; -- see http://www.mozilla.com/en-US/blocklist/
LdrLoadDll: Blocking load of &apos;activedetect32.dll&apos; -- see http://www.mozilla.com/en-US/blocklist/
LdrLoadDll: Blocking load of &apos;activedetect32.dll&apos; -- see http://www.mozilla.com/en-US/blocklist/
LdrLoadDll: Blocking load of &apos;activedetect32.dll&apos; -- see http://www.mozilla.com/en-US/blocklist/
LdrLoadDll: Blocking load of &apos;activedetect32.dll&apos; -- see http://www.mozilla.com/en-US/blocklist/
LdrLoadDll: Blocking load of &apos;activedetect32.dll&apos; -- see http://www.mozilla.com/en-US/blocklist/
LdrLoadDll: Blocking load of &apos;activedetect32.dll&apos; -- see http://www.mozilla.com/en-US/blocklist/
LdrLoadDll: Blocking load of &apos;activedetect32.dll&apos; -- see http://www.mozilla.com/en-US/blocklist/
LdrLoadDll: Blocking load of &apos;activedetect32.dll&apos; -- see http://www.mozilla.com/en-US/blocklist/
LdrLoadDll: Blocking load of &apos;activedetect32.dll&apos; -- see http://www.mozilla.com/en-US/blocklist/
LdrLoadDll: Blocking load of &apos;activedetect32.dll&apos; -- see http://www.mozilla.com/en-US/blocklist/
LdrLoadDll: Blocking load of &apos;activedetect32.dll&apos; -- see http://www.mozilla.com/en-US/blocklist/
LdrLoadDll: Blocking load of &apos;activedetect32.dll&apos; -- see http://www.mozilla.com/en-US/blocklist/
LdrLoadDll: Blocking load of &apos;activedetect32.dll&apos; -- see http://www.mozilla.com/en-US/blocklist/
LdrLoadDll: Blocking load of &apos;activedetect32.dll&apos; -- see http://www.mozilla.com/en-US/blocklist/
LdrLoadDll: Blocking load of &apos;activedetect32.dll&apos; -- see http://www.mozilla.com/en-US/blocklist/
LdrLoadDll: Blocking load of &apos;activedetect32.dll&apos; -- see http://www.mozilla.com/en-US/blocklist/
LdrLoadDll: Blocking load of &apos;activedetect32.dll&apos; -- see http://www.mozilla.com/en-US/blocklist/
LdrLoadDll: Blocking load of &apos;activedetect32.dll&apos; -- see http://www.mozilla.com/en-US/blocklist/
LdrLoadDll: Blocking load of &apos;activedetect32.dll&apos; -- see http://www.mozilla.com/en-US/blocklist/
LdrLoadDll: Blocking load of &apos;activedetect32.dll&apos; -- see http://www.mozilla.com/en-US/blocklist/
LdrLoadDll: Blocking load of &apos;activedetect32.dll&apos; -- see http://www.mozilla.com/en-US/blocklist/
LdrLoadDll: Blocking load of &apos;activedetect32.dll&apos; -- see http://www.mozilla.com/en-US/blocklist/
LdrLoadDll: Blocking load of &apos;activedetect32.dll&apos; -- see http://www.mozilla.com/en-US/blocklist/
LdrLoadDll: Blocking load of &apos;activedetect32.dll&apos; -- see http://www.mozilla.com/en-US/blocklist/
LdrLoadDll: Blocking load of &apos;activedetect32.dll&apos; -- see http://www.mozilla.com/en-US/blocklist/
LdrLoadDll: Blocking load of &apos;activedetect32.dll&apos; -- see http://www.mozilla.com/en-US/blocklist/
LdrLoadDll: Blocking load of &apos;activedetect32.dll&apos; -- see http://www.mozilla.com/en-US/blocklist/
LdrLoadDll: Blocking load of &apos;activedetect32.dll&apos; -- see http://www.mozilla.com/en-US/blocklist/
LdrLoadDll: Blocking load of &apos;activedetect32.dll&apos; -- see http://www.mozilla.com/en-US/blocklist/
LdrLoadDll: Blocking load of &apos;activedetect32.dll&apos; -- see http://www.mozilla.com/en-US/blocklist/
LdrLoadDll: Blocking load of &apos;activedetect32.dll&apos; -- see http://www.mozilla.com/en-US/blocklist/
LdrLoadDll: Blocking load of &apos;activedetect32.dll&apos; -- see http://www.mozilla.com/en-US/blocklist/
LdrLoadDll: Blocking load of &apos;activedetect32.dll&apos; -- see http://www.mozilla.com/en-US/blocklist/
LdrLoadDll: Blocking load of &apos;activedetect32.dll&apos; -- see http://www.mozilla.com/en-US/blocklist/

	at org.openqa.selenium.firefox.internal.NewProfileExtensionConnection.start(NewProfileExtensionConnection.java:122)
	... 52 more
</error>
    <system-out>Feature: Login to Udemy.com
  
  In order to have access to My courses
  As a User
  I want to be able to login to Udemy site
</system-out>
    <system-err>org.openqa.selenium.firefox.NotConnectedException: Unable to connect to host 127.0.0.1 on port 7055 after 45000 ms. Firefox console output:
 load of &apos;activedetect32.dll&apos; -- see http://www.mozilla.com/en-US/blocklist/
LdrLoadDll: Blocking load of &apos;activedetect32.dll&apos; -- see http://www.mozilla.com/en-US/blocklist/
LdrLoadDll: Blocking load of &apos;activedetect32.dll&apos; -- see http://www.mozilla.com/en-US/blocklist/
LdrLoadDll: Blocking load of &apos;activedetect32.dll&apos; -- see http://www.mozilla.com/en-US/blocklist/
LdrLoadDll: Blocking load of &apos;activedetect32.dll&apos; -- see http://www.mozilla.com/en-US/blocklist/
LdrLoadDll: Blocking load of &apos;activedetect32.dll&apos; -- see http://www.mozilla.com/en-US/blocklist/
LdrLoadDll: Blocking load of &apos;activedetect32.dll&apos; -- see http://www.mozilla.com/en-US/blocklist/
LdrLoadDll: Blocking load of &apos;activedetect32.dll&apos; -- see http://www.mozilla.com/en-US/blocklist/
LdrLoadDll: Blocking load of &apos;activedetect32.dll&apos; -- see http://www.mozilla.com/en-US/blocklist/
LdrLoadDll: Blocking load of &apos;activedetect32.dll&apos; -- see http://www.mozilla.com/en-US/blocklist/
LdrLoadDll: Blocking load of &apos;activedetect32.dll&apos; -- see http://www.mozilla.com/en-US/blocklist/
LdrLoadDll: Blocking load of &apos;activedetect32.dll&apos; -- see http://www.mozilla.com/en-US/blocklist/
LdrLoadDll: Blocking load of &apos;activedetect32.dll&apos; -- see http://www.mozilla.com/en-US/blocklist/
LdrLoadDll: Blocking load of &apos;activedetect32.dll&apos; -- see http://www.mozilla.com/en-US/blocklist/
LdrLoadDll: Blocking load of &apos;activedetect32.dll&apos; -- see http://www.mozilla.com/en-US/blocklist/
LdrLoadDll: Blocking load of &apos;activedetect32.dll&apos; -- see http://www.mozilla.com/en-US/blocklist/
LdrLoadDll: Blocking load of &apos;activedetect32.dll&apos; -- see http://www.mozilla.com/en-US/blocklist/
LdrLoadDll: Blocking load of &apos;activedetect32.dll&apos; -- see http://www.mozilla.com/en-US/blocklist/
LdrLoadDll: Blocking load of &apos;activedetect32.dll&apos; -- see http://www.mozilla.com/en-US/blocklist/
LdrLoadDll: Blocking load of &apos;activedetect32.dll&apos; -- see http://www.mozilla.com/en-US/blocklist/
LdrLoadDll: Blocking load of &apos;activedetect32.dll&apos; -- see http://www.mozilla.com/en-US/blocklist/
LdrLoadDll: Blocking load of &apos;activedetect32.dll&apos; -- see http://www.mozilla.com/en-US/blocklist/
LdrLoadDll: Blocking load of &apos;activedetect32.dll&apos; -- see http://www.mozilla.com/en-US/blocklist/
LdrLoadDll: Blocking load of &apos;activedetect32.dll&apos; -- see http://www.mozilla.com/en-US/blocklist/
LdrLoadDll: Blocking load of &apos;activedetect32.dll&apos; -- see http://www.mozilla.com/en-US/blocklist/
LdrLoadDll: Blocking load of &apos;activedetect32.dll&apos; -- see http://www.mozilla.com/en-US/blocklist/
LdrLoadDll: Blocking load of &apos;activedetect32.dll&apos; -- see http://www.mozilla.com/en-US/blocklist/
LdrLoadDll: Blocking load of &apos;activedetect32.dll&apos; -- see http://www.mozilla.com/en-US/blocklist/
LdrLoadDll: Blocking load of &apos;activedetect32.dll&apos; -- see http://www.mozilla.com/en-US/blocklist/
LdrLoadDll: Blocking load of &apos;activedetect32.dll&apos; -- see http://www.mozilla.com/en-US/blocklist/
LdrLoadDll: Blocking load of &apos;activedetect32.dll&apos; -- see http://www.mozilla.com/en-US/blocklist/
LdrLoadDll: Blocking load of &apos;activedetect32.dll&apos; -- see http://www.mozilla.com/en-US/blocklist/
LdrLoadDll: Blocking load of &apos;activedetect32.dll&apos; -- see http://www.mozilla.com/en-US/blocklist/
LdrLoadDll: Blocking load of &apos;activedetect32.dll&apos; -- see http://www.mozilla.com/en-US/blocklist/
LdrLoadDll: Blocking load of &apos;activedetect32.dll&apos; -- see http://www.mozilla.com/en-US/blocklist/
LdrLoadDll: Blocking load of &apos;activedetect32.dll&apos; -- see http://www.mozilla.com/en-US/blocklist/
LdrLoadDll: Blocking load of &apos;activedetect32.dll&apos; -- see http://www.mozilla.com/en-US/blocklist/
LdrLoadDll: Blocking load of &apos;activedetect32.dll&apos; -- see http://www.mozilla.com/en-US/blocklist/
LdrLoadDll: Blocking load of &apos;activedetect32.dll&apos; -- see http://www.mozilla.com/en-US/blocklist/
LdrLoadDll: Blocking load of &apos;activedetect32.dll&apos; -- see http://www.mozilla.com/en-US/blocklist/
LdrLoadDll: Blocking load of &apos;activedetect32.dll&apos; -- see http://www.mozilla.com/en-US/blocklist/
LdrLoadDll: Blocking load of &apos;activedetect32.dll&apos; -- see http://www.mozilla.com/en-US/blocklist/

	at org.openqa.selenium.firefox.internal.NewProfileExtensionConnection.start(NewProfileExtensionConnection.java:122)
	at org.openqa.selenium.firefox.FirefoxDriver.startClient(FirefoxDriver.java:276)
	at org.openqa.selenium.remote.RemoteWebDriver.&lt;init&gt;(RemoteWebDriver.java:116)
	at org.openqa.selenium.firefox.FirefoxDriver.&lt;init&gt;(FirefoxDriver.java:221)
	at org.openqa.selenium.firefox.FirefoxDriver.&lt;init&gt;(FirefoxDriver.java:216)
	at org.openqa.selenium.firefox.FirefoxDriver.&lt;init&gt;(FirefoxDriver.java:212)
	at org.openqa.selenium.firefox.FirefoxDriver.&lt;init&gt;(FirefoxDriver.java:125)
	at com.Udemy.DriverFactory.createNewDriverInstance(DriverFactory.java:23)
	at com.Udemy.DriverFactory.initialize(DriverFactory.java:19)
	at com.Udemy.DriverFactory.&lt;init&gt;(DriverFactory.java:14)
	at com.Udemy.UdemyStartingSteps.&lt;init&gt;(UdemyStartingSteps.java:10)
	at sun.reflect.NativeConstructorAccessorImpl.newInstance0(Native Method)
	at sun.reflect.NativeConstructorAccessorImpl.newInstance(NativeConstructorAccessorImpl.java:57)
	at sun.reflect.DelegatingConstructorAccessorImpl.newInstance(DelegatingConstructorAccessorImpl.java:45)
	at java.lang.reflect.Constructor.newInstance(Constructor.java:526)
	at cucumber.runtime.java.DefaultJavaObjectFactory.cacheNewInstance(DefaultJavaObjectFactory.java:40)
	at cucumber.runtime.java.DefaultJavaObjectFactory.getInstance(DefaultJavaObjectFactory.java:32)
	at cucumber.runtime.java.JavaHookDefinition.execute(JavaHookDefinition.java:60)
	at cucumber.runtime.Runtime.runHookIfTagsMatch(Runtime.java:223)
	at cucumber.runtime.Runtime.runHooks(Runtime.java:211)
	at cucumber.runtime.Runtime.runBeforeHooks(Runtime.java:201)
	at cucumber.runtime.model.CucumberScenario.run(CucumberScenario.java:40)
	at cucumber.runtime.junit.ExecutionUnitRunner.run(ExecutionUnitRunner.java:91)
	at cucumber.runtime.junit.FeatureRunner.runChild(FeatureRunner.java:63)
	at cucumber.runtime.junit.FeatureRunner.runChild(FeatureRunner.java:18)
	at org.junit.runners.ParentRunner$3.run(ParentRunner.java:290)
	at org.junit.runners.ParentRunner$1.schedule(ParentRunner.java:71)
	at org.junit.runners.ParentRunner.runChildren(ParentRunner.java:288)
	at org.junit.runners.ParentRunner.access$000(ParentRunner.java:58)
	at org.junit.runners.ParentRunner$2.evaluate(ParentRunner.java:268)
	at org.junit.runners.ParentRunner.run(ParentRunner.java:363)
	at cucumber.runtime.junit.FeatureRunner.run(FeatureRunner.java:70)
	at cucumber.api.junit.Cucumber.runChild(Cucumber.java:93)
	at cucumber.api.junit.Cucumber.runChild(Cucumber.java:37)
	at org.junit.runners.ParentRunner$3.run(ParentRunner.java:290)
	at org.junit.runners.ParentRunner$1.schedule(ParentRunner.java:71)
	at org.junit.runners.ParentRunner.runChildren(ParentRunner.java:288)
	at org.junit.runners.ParentRunner.access$000(ParentRunner.java:58)
	at org.junit.runners.ParentRunner$2.evaluate(ParentRunner.java:268)
	at org.junit.runners.ParentRunner.run(ParentRunner.java:363)
	at cucumber.api.junit.Cucumber.run(Cucumber.java:98)
	at org.apache.maven.surefire.junit4.JUnit4Provider.execute(JUnit4Provider.java:252)
	at org.apache.maven.surefire.junit4.JUnit4Provider.executeTestSet(JUnit4Provider.java:141)
	at org.apache.maven.surefire.junit4.JUnit4Provider.invoke(JUnit4Provider.java:112)
	at sun.reflect.NativeMethodAccessorImpl.invoke0(Native Method)
	at sun.reflect.NativeMethodAccessorImpl.invoke(NativeMethodAccessorImpl.java:57)
	at sun.reflect.DelegatingMethodAccessorImpl.invoke(DelegatingMethodAccessorImpl.java:43)
	at java.lang.reflect.Method.invoke(Method.java:606)
	at org.apache.maven.surefire.util.ReflectionUtils.invokeMethodWithArray(ReflectionUtils.java:189)
	at org.apache.maven.surefire.booter.ProviderFactory$ProviderProxy.invoke(ProviderFactory.java:165)
	at org.apache.maven.surefire.booter.ProviderFactory.invokeProvider(ProviderFactory.java:85)
	at org.apache.maven.surefire.booter.ForkedBooter.runSuitesInProcess(ForkedBooter.java:115)
	at org.apache.maven.surefire.booter.ForkedBooter.main(ForkedBooter.java:75)
</system-err>
  </testcase>
  <testcase time="48.146" classname="Scenario: I want to login to Udemy site with my email" name="Given I am on the Udemy site">
    <skipped/>
    <system-out>&amp;#27;[31mFailure in before hook:&amp;#27;[0m&amp;#27;[31mUdemyStartingSteps.beforeScenario()&amp;#27;[0m
&amp;#27;[31mMessage: &amp;#27;[0m&amp;#27;[31mcucumber.runtime.CucumberException: Failed to instantiate class com.Udemy.UdemyStartingSteps
	at cucumber.runtime.java.DefaultJavaObjectFactory.cacheNewInstance(DefaultJavaObjectFactory.java:46)
	at cucumber.runtime.java.DefaultJavaObjectFactory.getInstance(DefaultJavaObjectFactory.java:32)
	at cucumber.runtime.java.JavaHookDefinition.execute(JavaHookDefinition.java:60)
	at cucumber.runtime.Runtime.runHookIfTagsMatch(Runtime.java:223)
	at cucumber.runtime.Runtime.runHooks(Runtime.java:211)
	at cucumber.runtime.Runtime.runBeforeHooks(Runtime.java:201)
	at cucumber.runtime.model.CucumberScenario.run(CucumberScenario.java:40)
	at cucumber.runtime.junit.ExecutionUnitRunner.run(ExecutionUnitRunner.java:91)
	at cucumber.runtime.junit.FeatureRunner.runChild(FeatureRunner.java:63)
	at cucumber.runtime.junit.FeatureRunner.runChild(FeatureRunner.java:18)
	at org.junit.runners.ParentRunner$3.run(ParentRunner.java:290)
	at org.junit.runners.ParentRunner$1.schedule(ParentRunner.java:71)
	at org.junit.runners.ParentRunner.runChildren(ParentRunner.java:288)
	at org.junit.runners.ParentRunner.access$000(ParentRunner.java:58)
	at org.junit.runners.ParentRunner$2.evaluate(ParentRunner.java:268)
	at org.junit.runners.ParentRunner.run(ParentRunner.java:363)
	at cucumber.runtime.junit.FeatureRunner.run(FeatureRunner.java:70)
	at cucumber.api.junit.Cucumber.runChild(Cucumber.java:93)
	at cucumber.api.junit.Cucumber.runChild(Cucumber.java:37)
	at org.junit.runners.ParentRunner$3.run(ParentRunner.java:290)
	at org.junit.runners.ParentRunner$1.schedule(ParentRunner.java:71)
	at org.junit.runners.ParentRunner.runChildren(ParentRunner.java:288)
	at org.junit.runners.ParentRunner.access$000(ParentRunner.java:58)
	at org.junit.runners.ParentRunner$2.evaluate(ParentRunner.java:268)
	at org.junit.runners.ParentRunner.run(ParentRunner.java:363)
	at cucumber.api.junit.Cucumber.run(Cucumber.java:98)
	at org.apache.maven.surefire.junit4.JUnit4Provider.execute(JUnit4Provider.java:252)
	at org.apache.maven.surefire.junit4.JUnit4Provider.executeTestSet(JUnit4Provider.java:141)
	at org.apache.maven.surefire.junit4.JUnit4Provider.invoke(JUnit4Provider.java:112)
	at sun.reflect.NativeMethodAccessorImpl.invoke0(Native Method)
	at sun.reflect.NativeMethodAccessorImpl.invoke(NativeMethodAccessorImpl.java:57)
	at sun.reflect.DelegatingMethodAccessorImpl.invoke(DelegatingMethodAccessorImpl.java:43)
	at java.lang.reflect.Method.invoke(Method.java:606)
	at org.apache.maven.surefire.util.ReflectionUtils.invokeMethodWithArray(ReflectionUtils.java:189)
	at org.apache.maven.surefire.booter.ProviderFactory$ProviderProxy.invoke(ProviderFactory.java:165)
	at org.apache.maven.surefire.booter.ProviderFactory.invokeProvider(ProviderFactory.java:85)
	at org.apache.maven.surefire.booter.ForkedBooter.runSuitesInProcess(ForkedBooter.java:115)
	at org.apache.maven.surefire.booter.ForkedBooter.main(ForkedBooter.java:75)
Caused by: java.lang.reflect.InvocationTargetException
	at sun.reflect.NativeConstructorAccessorImpl.newInstance0(Native Method)
	at sun.reflect.NativeConstructorAccessorImpl.newInstance(NativeConstructorAccessorImpl.java:57)
	at sun.reflect.DelegatingConstructorAccessorImpl.newInstance(DelegatingConstructorAccessorImpl.java:45)
	at java.lang.reflect.Constructor.newInstance(Constructor.java:526)
	at cucumber.runtime.java.DefaultJavaObjectFactory.cacheNewInstance(DefaultJavaObjectFactory.java:40)
	... 37 more
Caused by: org.openqa.selenium.WebDriverException: Failed to connect to binary FirefoxBinary(C:\Program Files (x86)\Mozilla Firefox\firefox.exe) on port 7055; process output follows: 
 load of &apos;activedetect32.dll&apos; -- see http://www.mozilla.com/en-US/blocklist/
LdrLoadDll: Blocking load of &apos;activedetect32.dll&apos; -- see http://www.mozilla.com/en-US/blocklist/
LdrLoadDll: Blocking load of &apos;activedetect32.dll&apos; -- see http://www.mozilla.com/en-US/blocklist/
LdrLoadDll: Blocking load of &apos;activedetect32.dll&apos; -- see http://www.mozilla.com/en-US/blocklist/
LdrLoadDll: Blocking load of &apos;activedetect32.dll&apos; -- see http://www.mozilla.com/en-US/blocklist/
LdrLoadDll: Blocking load of &apos;activedetect32.dll&apos; -- see http://www.mozilla.com/en-US/blocklist/
LdrLoadDll: Blocking load of &apos;activedetect32.dll&apos; -- see http://www.mozilla.com/en-US/blocklist/
LdrLoadDll: Blocking load of &apos;activedetect32.dll&apos; -- see http://www.mozilla.com/en-US/blocklist/
LdrLoadDll: Blocking load of &apos;activedetect32.dll&apos; -- see http://www.mozilla.com/en-US/blocklist/
LdrLoadDll: Blocking load of &apos;activedetect32.dll&apos; -- see http://www.mozilla.com/en-US/blocklist/
LdrLoadDll: Blocking load of &apos;activedetect32.dll&apos; -- see http://www.mozilla.com/en-US/blocklist/
LdrLoadDll: Blocking load of &apos;activedetect32.dll&apos; -- see http://www.mozilla.com/en-US/blocklist/
LdrLoadDll: Blocking load of &apos;activedetect32.dll&apos; -- see http://www.mozilla.com/en-US/blocklist/
LdrLoadDll: Blocking load of &apos;activedetect32.dll&apos; -- see http://www.mozilla.com/en-US/blocklist/
LdrLoadDll: Blocking load of &apos;activedetect32.dll&apos; -- see http://www.mozilla.com/en-US/blocklist/
LdrLoadDll: Blocking load of &apos;activedetect32.dll&apos; -- see http://www.mozilla.com/en-US/blocklist/
LdrLoadDll: Blocking load of &apos;activedetect32.dll&apos; -- see http://www.mozilla.com/en-US/blocklist/
LdrLoadDll: Blocking load of &apos;activedetect32.dll&apos; -- see http://www.mozilla.com/en-US/blocklist/
LdrLoadDll: Blocking load of &apos;activedetect32.dll&apos; -- see http://www.mozilla.com/en-US/blocklist/
LdrLoadDll: Blocking load of &apos;activedetect32.dll&apos; -- see http://www.mozilla.com/en-US/blocklist/
LdrLoadDll: Blocking load of &apos;activedetect32.dll&apos; -- see http://www.mozilla.com/en-US/blocklist/
LdrLoadDll: Blocking load of &apos;activedetect32.dll&apos; -- see http://www.mozilla.com/en-US/blocklist/
LdrLoadDll: Blocking load of &apos;activedetect32.dll&apos; -- see http://www.mozilla.com/en-US/blocklist/
LdrLoadDll: Blocking load of &apos;activedetect32.dll&apos; -- see http://www.mozilla.com/en-US/blocklist/
LdrLoadDll: Blocking load of &apos;activedetect32.dll&apos; -- see http://www.mozilla.com/en-US/blocklist/
LdrLoadDll: Blocking load of &apos;activedetect32.dll&apos; -- see http://www.mozilla.com/en-US/blocklist/
LdrLoadDll: Blocking load of &apos;activedetect32.dll&apos; -- see http://www.mozilla.com/en-US/blocklist/
LdrLoadDll: Blocking load of &apos;activedetect32.dll&apos; -- see http://www.mozilla.com/en-US/blocklist/
LdrLoadDll: Blocking load of &apos;activedetect32.dll&apos; -- see http://www.mozilla.com/en-US/blocklist/
LdrLoadDll: Blocking load of &apos;activedetect32.dll&apos; -- see http://www.mozilla.com/en-US/blocklist/
LdrLoadDll: Blocking load of &apos;activedetect32.dll&apos; -- see http://www.mozilla.com/en-US/blocklist/
LdrLoadDll: Blocking load of &apos;activedetect32.dll&apos; -- see http://www.mozilla.com/en-US/blocklist/
LdrLoadDll: Blocking load of &apos;activedetect32.dll&apos; -- see http://www.mozilla.com/en-US/blocklist/
LdrLoadDll: Blocking load of &apos;activedetect32.dll&apos; -- see http://www.mozilla.com/en-US/blocklist/
LdrLoadDll: Blocking load of &apos;activedetect32.dll&apos; -- see http://www.mozilla.com/en-US/blocklist/
LdrLoadDll: Blocking load of &apos;activedetect32.dll&apos; -- see http://www.mozilla.com/en-US/blocklist/
LdrLoadDll: Blocking load of &apos;activedetect32.dll&apos; -- see http://www.mozilla.com/en-US/blocklist/
LdrLoadDll: Blocking load of &apos;activedetect32.dll&apos; -- see http://www.mozilla.com/en-US/blocklist/
LdrLoadDll: Blocking load of &apos;activedetect32.dll&apos; -- see http://www.mozilla.com/en-US/blocklist/
LdrLoadDll: Blocking load of &apos;activedetect32.dll&apos; -- see http://www.mozilla.com/en-US/blocklist/
LdrLoadDll: Blocking load of &apos;activedetect32.dll&apos; -- see http://www.mozilla.com/en-US/blocklist/
LdrLoadDll: Blocking load of &apos;activedetect32.dll&apos; -- see http://www.mozilla.com/en-US/blocklist/

Build info: version: &apos;2.47.1&apos;, revision: &apos;unknown&apos;, time: &apos;2015-07-30 11:02:44&apos;
System info: host: &apos;Lateef-PC&apos;, ip: &apos;192.168.1.126&apos;, os.name: &apos;Windows 7&apos;, os.arch: &apos;amd64&apos;, os.version: &apos;6.1&apos;, java.version: &apos;1.7.0_45&apos;
Driver info: driver.version: FirefoxDriver
	at org.openqa.selenium.firefox.internal.NewProfileExtensionConnection.start(NewProfileExtensionConnection.java:134)
	at org.openqa.selenium.firefox.FirefoxDriver.startClient(FirefoxDriver.java:276)
	at org.openqa.selenium.remote.RemoteWebDriver.&lt;init&gt;(RemoteWebDriver.java:116)
	at org.openqa.selenium.firefox.FirefoxDriver.&lt;init&gt;(FirefoxDriver.java:221)
	at org.openqa.selenium.firefox.FirefoxDriver.&lt;init&gt;(FirefoxDriver.java:216)
	at org.openqa.selenium.firefox.FirefoxDriver.&lt;init&gt;(FirefoxDriver.java:212)
	at org.openqa.selenium.firefox.FirefoxDriver.&lt;init&gt;(FirefoxDriver.java:125)
	at com.Udemy.DriverFactory.createNewDriverInstance(DriverFactory.java:23)
	at com.Udemy.DriverFactory.initialize(DriverFactory.java:19)
	at com.Udemy.DriverFactory.&lt;init&gt;(DriverFactory.java:14)
	at com.Udemy.UdemyStartingSteps.&lt;init&gt;(UdemyStartingSteps.java:10)
	... 42 more
Caused by: org.openqa.selenium.firefox.NotConnectedException: Unable to connect to host 127.0.0.1 on port 7055 after 45000 ms. Firefox console output:
 load of &apos;activedetect32.dll&apos; -- see http://www.mozilla.com/en-US/blocklist/
LdrLoadDll: Blocking load of &apos;activedetect32.dll&apos; -- see http://www.mozilla.com/en-US/blocklist/
LdrLoadDll: Blocking load of &apos;activedetect32.dll&apos; -- see http://www.mozilla.com/en-US/blocklist/
LdrLoadDll: Blocking load of &apos;activedetect32.dll&apos; -- see http://www.mozilla.com/en-US/blocklist/
LdrLoadDll: Blocking load of &apos;activedetect32.dll&apos; -- see http://www.mozilla.com/en-US/blocklist/
LdrLoadDll: Blocking load of &apos;activedetect32.dll&apos; -- see http://www.mozilla.com/en-US/blocklist/
LdrLoadDll: Blocking load of &apos;activedetect32.dll&apos; -- see http://www.mozilla.com/en-US/blocklist/
LdrLoadDll: Blocking load of &apos;activedetect32.dll&apos; -- see http://www.mozilla.com/en-US/blocklist/
LdrLoadDll: Blocking load of &apos;activedetect32.dll&apos; -- see http://www.mozilla.com/en-US/blocklist/
LdrLoadDll: Blocking load of &apos;activedetect32.dll&apos; -- see http://www.mozilla.com/en-US/blocklist/
LdrLoadDll: Blocking load of &apos;activedetect32.dll&apos; -- see http://www.mozilla.com/en-US/blocklist/
LdrLoadDll: Blocking load of &apos;activedetect32.dll&apos; -- see http://www.mozilla.com/en-US/blocklist/
LdrLoadDll: Blocking load of &apos;activedetect32.dll&apos; -- see http://www.mozilla.com/en-US/blocklist/
LdrLoadDll: Blocking load of &apos;activedetect32.dll&apos; -- see http://www.mozilla.com/en-US/blocklist/
LdrLoadDll: Blocking load of &apos;activedetect32.dll&apos; -- see http://www.mozilla.com/en-US/blocklist/
LdrLoadDll: Blocking load of &apos;activedetect32.dll&apos; -- see http://www.mozilla.com/en-US/blocklist/
LdrLoadDll: Blocking load of &apos;activedetect32.dll&apos; -- see http://www.mozilla.com/en-US/blocklist/
LdrLoadDll: Blocking load of &apos;activedetect32.dll&apos; -- see http://www.mozilla.com/en-US/blocklist/
LdrLoadDll: Blocking load of &apos;activedetect32.dll&apos; -- see http://www.mozilla.com/en-US/blocklist/
LdrLoadDll: Blocking load of &apos;activedetect32.dll&apos; -- see http://www.mozilla.com/en-US/blocklist/
LdrLoadDll: Blocking load of &apos;activedetect32.dll&apos; -- see http://www.mozilla.com/en-US/blocklist/
LdrLoadDll: Blocking load of &apos;activedetect32.dll&apos; -- see http://www.mozilla.com/en-US/blocklist/
LdrLoadDll: Blocking load of &apos;activedetect32.dll&apos; -- see http://www.mozilla.com/en-US/blocklist/
LdrLoadDll: Blocking load of &apos;activedetect32.dll&apos; -- see http://www.mozilla.com/en-US/blocklist/
LdrLoadDll: Blocking load of &apos;activedetect32.dll&apos; -- see http://www.mozilla.com/en-US/blocklist/
LdrLoadDll: Blocking load of &apos;activedetect32.dll&apos; -- see http://www.mozilla.com/en-US/blocklist/
LdrLoadDll: Blocking load of &apos;activedetect32.dll&apos; -- see http://www.mozilla.com/en-US/blocklist/
LdrLoadDll: Blocking load of &apos;activedetect32.dll&apos; -- see http://www.mozilla.com/en-US/blocklist/
LdrLoadDll: Blocking load of &apos;activedetect32.dll&apos; -- see http://www.mozilla.com/en-US/blocklist/
LdrLoadDll: Blocking load of &apos;activedetect32.dll&apos; -- see http://www.mozilla.com/en-US/blocklist/
LdrLoadDll: Blocking load of &apos;activedetect32.dll&apos; -- see http://www.mozilla.com/en-US/blocklist/
LdrLoadDll: Blocking load of &apos;activedetect32.dll&apos; -- see http://www.mozilla.com/en-US/blocklist/
LdrLoadDll: Blocking load of &apos;activedetect32.dll&apos; -- see http://www.mozilla.com/en-US/blocklist/
LdrLoadDll: Blocking load of &apos;activedetect32.dll&apos; -- see http://www.mozilla.com/en-US/blocklist/
LdrLoadDll: Blocking load of &apos;activedetect32.dll&apos; -- see http://www.mozilla.com/en-US/blocklist/
LdrLoadDll: Blocking load of &apos;activedetect32.dll&apos; -- see http://www.mozilla.com/en-US/blocklist/
LdrLoadDll: Blocking load of &apos;activedetect32.dll&apos; -- see http://www.mozilla.com/en-US/blocklist/
LdrLoadDll: Blocking load of &apos;activedetect32.dll&apos; -- see http://www.mozilla.com/en-US/blocklist/
LdrLoadDll: Blocking load of &apos;activedetect32.dll&apos; -- see http://www.mozilla.com/en-US/blocklist/
LdrLoadDll: Blocking load of &apos;activedetect32.dll&apos; -- see http://www.mozilla.com/en-US/blocklist/
LdrLoadDll: Blocking load of &apos;activedetect32.dll&apos; -- see http://www.mozilla.com/en-US/blocklist/
LdrLoadDll: Blocking load of &apos;activedetect32.dll&apos; -- see http://www.mozilla.com/en-US/blocklist/

	at org.openqa.selenium.firefox.internal.NewProfileExtensionConnection.start(NewProfileExtensionConnection.java:122)
	... 52 more
&amp;#27;[0m
      &amp;#27;[31mcucumber.runtime.CucumberException: Failed to instantiate class com.Udemy.UdemyStartingSteps
      	at cucumber.runtime.java.DefaultJavaObjectFactory.cacheNewInstance(DefaultJavaObjectFactory.java:46)
      	at cucumber.runtime.java.DefaultJavaObjectFactory.getInstance(DefaultJavaObjectFactory.java:32)
      	at cucumber.runtime.java.JavaHookDefinition.execute(JavaHookDefinition.java:60)
      	at cucumber.runtime.Runtime.runHookIfTagsMatch(Runtime.java:223)
      	at cucumber.runtime.Runtime.runHooks(Runtime.java:211)
      	at cucumber.runtime.Runtime.runBeforeHooks(Runtime.java:201)
      	at cucumber.runtime.model.CucumberScenario.run(CucumberScenario.java:40)
      	at cucumber.runtime.junit.ExecutionUnitRunner.run(ExecutionUnitRunner.java:91)
      	at cucumber.runtime.junit.FeatureRunner.runChild(FeatureRunner.java:63)
      	at cucumber.runtime.junit.FeatureRunner.runChild(FeatureRunner.java:18)
      	at org.junit.runners.ParentRunner$3.run(ParentRunner.java:290)
      	at org.junit.runners.ParentRunner$1.schedule(ParentRunner.java:71)
      	at org.junit.runners.ParentRunner.runChildren(ParentRunner.java:288)
      	at org.junit.runners.ParentRunner.access$000(ParentRunner.java:58)
      	at org.junit.runners.ParentRunner$2.evaluate(ParentRunner.java:268)
      	at org.junit.runners.ParentRunner.run(ParentRunner.java:363)
      	at cucumber.runtime.junit.FeatureRunner.run(FeatureRunner.java:70)
      	at cucumber.api.junit.Cucumber.runChild(Cucumber.java:93)
      	at cucumber.api.junit.Cucumber.runChild(Cucumber.java:37)
      	at org.junit.runners.ParentRunner$3.run(ParentRunner.java:290)
      	at org.junit.runners.ParentRunner$1.schedule(ParentRunner.java:71)
      	at org.junit.runners.ParentRunner.runChildren(ParentRunner.java:288)
      	at org.junit.runners.ParentRunner.access$000(ParentRunner.java:58)
      	at org.junit.runners.ParentRunner$2.evaluate(ParentRunner.java:268)
      	at org.junit.runners.ParentRunner.run(ParentRunner.java:363)
      	at cucumber.api.junit.Cucumber.run(Cucumber.java:98)
      	at org.apache.maven.surefire.junit4.JUnit4Provider.execute(JUnit4Provider.java:252)
      	at org.apache.maven.surefire.junit4.JUnit4Provider.executeTestSet(JUnit4Provider.java:141)
      	at org.apache.maven.surefire.junit4.JUnit4Provider.invoke(JUnit4Provider.java:112)
      	at sun.reflect.NativeMethodAccessorImpl.invoke0(Native Method)
      	at sun.reflect.NativeMethodAccessorImpl.invoke(NativeMethodAccessorImpl.java:57)
      	at sun.reflect.DelegatingMethodAccessorImpl.invoke(DelegatingMethodAccessorImpl.java:43)
      	at java.lang.reflect.Method.invoke(Method.java:606)
      	at org.apache.maven.surefire.util.ReflectionUtils.invokeMethodWithArray(ReflectionUtils.java:189)
      	at org.apache.maven.surefire.booter.ProviderFactory$ProviderProxy.invoke(ProviderFactory.java:165)
      	at org.apache.maven.surefire.booter.ProviderFactory.invokeProvider(ProviderFactory.java:85)
      	at org.apache.maven.surefire.booter.ForkedBooter.runSuitesInProcess(ForkedBooter.java:115)
      	at org.apache.maven.surefire.booter.ForkedBooter.main(ForkedBooter.java:75)
      Caused by: java.lang.reflect.InvocationTargetException
      	at sun.reflect.NativeConstructorAccessorImpl.newInstance0(Native Method)
      	at sun.reflect.NativeConstructorAccessorImpl.newInstance(NativeConstructorAccessorImpl.java:57)
      	at sun.reflect.DelegatingConstructorAccessorImpl.newInstance(DelegatingConstructorAccessorImpl.java:45)
      	at java.lang.reflect.Constructor.newInstance(Constructor.java:526)
      	at cucumber.runtime.java.DefaultJavaObjectFactory.cacheNewInstance(DefaultJavaObjectFactory.java:40)
      	... 37 more
      Caused by: org.openqa.selenium.WebDriverException: Failed to connect to binary FirefoxBinary(C:\Program Files (x86)\Mozilla Firefox\firefox.exe) on port 7055; process output follows: 
       load of &apos;activedetect32.dll&apos; -- see http://www.mozilla.com/en-US/blocklist/
      LdrLoadDll: Blocking load of &apos;activedetect32.dll&apos; -- see http://www.mozilla.com/en-US/blocklist/
      LdrLoadDll: Blocking load of &apos;activedetect32.dll&apos; -- see http://www.mozilla.com/en-US/blocklist/
      LdrLoadDll: Blocking load of &apos;activedetect32.dll&apos; -- see http://www.mozilla.com/en-US/blocklist/
      LdrLoadDll: Blocking load of &apos;activedetect32.dll&apos; -- see http://www.mozilla.com/en-US/blocklist/
      LdrLoadDll: Blocking load of &apos;activedetect32.dll&apos; -- see http://www.mozilla.com/en-US/blocklist/
      LdrLoadDll: Blocking load of &apos;activedetect32.dll&apos; -- see http://www.mozilla.com/en-US/blocklist/
      LdrLoadDll: Blocking load of &apos;activedetect32.dll&apos; -- see http://www.mozilla.com/en-US/blocklist/
      LdrLoadDll: Blocking load of &apos;activedetect32.dll&apos; -- see http://www.mozilla.com/en-US/blocklist/
      LdrLoadDll: Blocking load of &apos;activedetect32.dll&apos; -- see http://www.mozilla.com/en-US/blocklist/
      LdrLoadDll: Blocking load of &apos;activedetect32.dll&apos; -- see http://www.mozilla.com/en-US/blocklist/
      LdrLoadDll: Blocking load of &apos;activedetect32.dll&apos; -- see http://www.mozilla.com/en-US/blocklist/
      LdrLoadDll: Blocking load of &apos;activedetect32.dll&apos; -- see http://www.mozilla.com/en-US/blocklist/
      LdrLoadDll: Blocking load of &apos;activedetect32.dll&apos; -- see http://www.mozilla.com/en-US/blocklist/
      LdrLoadDll: Blocking load of &apos;activedetect32.dll&apos; -- see http://www.mozilla.com/en-US/blocklist/
      LdrLoadDll: Blocking load of &apos;activedetect32.dll&apos; -- see http://www.mozilla.com/en-US/blocklist/
      LdrLoadDll: Blocking load of &apos;activedetect32.dll&apos; -- see http://www.mozilla.com/en-US/blocklist/
      LdrLoadDll: Blocking load of &apos;activedetect32.dll&apos; -- see http://www.mozilla.com/en-US/blocklist/
      LdrLoadDll: Blocking load of &apos;activedetect32.dll&apos; -- see http://www.mozilla.com/en-US/blocklist/
      LdrLoadDll: Blocking load of &apos;activedetect32.dll&apos; -- see http://www.mozilla.com/en-US/blocklist/
      LdrLoadDll: Blocking load of &apos;activedetect32.dll&apos; -- see http://www.mozilla.com/en-US/blocklist/
      LdrLoadDll: Blocking load of &apos;activedetect32.dll&apos; -- see http://www.mozilla.com/en-US/blocklist/
      LdrLoadDll: Blocking load of &apos;activedetect32.dll&apos; -- see http://www.mozilla.com/en-US/blocklist/
      LdrLoadDll: Blocking load of &apos;activedetect32.dll&apos; -- see http://www.mozilla.com/en-US/blocklist/
      LdrLoadDll: Blocking load of &apos;activedetect32.dll&apos; -- see http://www.mozilla.com/en-US/blocklist/
      LdrLoadDll: Blocking load of &apos;activedetect32.dll&apos; -- see http://www.mozilla.com/en-US/blocklist/
      LdrLoadDll: Blocking load of &apos;activedetect32.dll&apos; -- see http://www.mozilla.com/en-US/blocklist/
      LdrLoadDll: Blocking load of &apos;activedetect32.dll&apos; -- see http://www.mozilla.com/en-US/blocklist/
      LdrLoadDll: Blocking load of &apos;activedetect32.dll&apos; -- see http://www.mozilla.com/en-US/blocklist/
      LdrLoadDll: Blocking load of &apos;activedetect32.dll&apos; -- see http://www.mozilla.com/en-US/blocklist/
      LdrLoadDll: Blocking load of &apos;activedetect32.dll&apos; -- see http://www.mozilla.com/en-US/blocklist/
      LdrLoadDll: Blocking load of &apos;activedetect32.dll&apos; -- see http://www.mozilla.com/en-US/blocklist/
      LdrLoadDll: Blocking load of &apos;activedetect32.dll&apos; -- see http://www.mozilla.com/en-US/blocklist/
      LdrLoadDll: Blocking load of &apos;activedetect32.dll&apos; -- see http://www.mozilla.com/en-US/blocklist/
      LdrLoadDll: Blocking load of &apos;activedetect32.dll&apos; -- see http://www.mozilla.com/en-US/blocklist/
      LdrLoadDll: Blocking load of &apos;activedetect32.dll&apos; -- see http://www.mozilla.com/en-US/blocklist/
      LdrLoadDll: Blocking load of &apos;activedetect32.dll&apos; -- see http://www.mozilla.com/en-US/blocklist/
      LdrLoadDll: Blocking load of &apos;activedetect32.dll&apos; -- see http://www.mozilla.com/en-US/blocklist/
      LdrLoadDll: Blocking load of &apos;activedetect32.dll&apos; -- see http://www.mozilla.com/en-US/blocklist/
      LdrLoadDll: Blocking load of &apos;activedetect32.dll&apos; -- see http://www.mozilla.com/en-US/blocklist/
      LdrLoadDll: Blocking load of &apos;activedetect32.dll&apos; -- see http://www.mozilla.com/en-US/blocklist/
      LdrLoadDll: Blocking load of &apos;activedetect32.dll&apos; -- see http://www.mozilla.com/en-US/blocklist/
      
      Build info: version: &apos;2.47.1&apos;, revision: &apos;unknown&apos;, time: &apos;2015-07-30 11:02:44&apos;
      System info: host: &apos;Lateef-PC&apos;, ip: &apos;192.168.1.126&apos;, os.name: &apos;Windows 7&apos;, os.arch: &apos;amd64&apos;, os.version: &apos;6.1&apos;, java.version: &apos;1.7.0_45&apos;
      Driver info: driver.version: FirefoxDriver
      	at org.openqa.selenium.firefox.internal.NewProfileExtensionConnection.start(NewProfileExtensionConnection.java:134)
      	at org.openqa.selenium.firefox.FirefoxDriver.startClient(FirefoxDriver.java:276)
      	at org.openqa.selenium.remote.RemoteWebDriver.&lt;init&gt;(RemoteWebDriver.java:116)
      	at org.openqa.selenium.firefox.FirefoxDriver.&lt;init&gt;(FirefoxDriver.java:221)
      	at org.openqa.selenium.firefox.FirefoxDriver.&lt;init&gt;(FirefoxDriver.java:216)
      	at org.openqa.selenium.firefox.FirefoxDriver.&lt;init&gt;(FirefoxDriver.java:212)
      	at org.openqa.selenium.firefox.FirefoxDriver.&lt;init&gt;(FirefoxDriver.java:125)
      	at com.Udemy.DriverFactory.createNewDriverInstance(DriverFactory.java:23)
      	at com.Udemy.DriverFactory.initialize(DriverFactory.java:19)
      	at com.Udemy.DriverFactory.&lt;init&gt;(DriverFactory.java:14)
      	at com.Udemy.UdemyStartingSteps.&lt;init&gt;(UdemyStartingSteps.java:10)
      	... 42 more
      Caused by: org.openqa.selenium.firefox.NotConnectedException: Unable to connect to host 127.0.0.1 on port 7055 after 45000 ms. Firefox console output:
       load of &apos;activedetect32.dll&apos; -- see http://www.mozilla.com/en-US/blocklist/
      LdrLoadDll: Blocking load of &apos;activedetect32.dll&apos; -- see http://www.mozilla.com/en-US/blocklist/
      LdrLoadDll: Blocking load of &apos;activedetect32.dll&apos; -- see http://www.mozilla.com/en-US/blocklist/
      LdrLoadDll: Blocking load of &apos;activedetect32.dll&apos; -- see http://www.mozilla.com/en-US/blocklist/
      LdrLoadDll: Blocking load of &apos;activedetect32.dll&apos; -- see http://www.mozilla.com/en-US/blocklist/
      LdrLoadDll: Blocking load of &apos;activedetect32.dll&apos; -- see http://www.mozilla.com/en-US/blocklist/
      LdrLoadDll: Blocking load of &apos;activedetect32.dll&apos; -- see http://www.mozilla.com/en-US/blocklist/
      LdrLoadDll: Blocking load of &apos;activedetect32.dll&apos; -- see http://www.mozilla.com/en-US/blocklist/
      LdrLoadDll: Blocking load of &apos;activedetect32.dll&apos; -- see http://www.mozilla.com/en-US/blocklist/
      LdrLoadDll: Blocking load of &apos;activedetect32.dll&apos; -- see http://www.mozilla.com/en-US/blocklist/
      LdrLoadDll: Blocking load of &apos;activedetect32.dll&apos; -- see http://www.mozilla.com/en-US/blocklist/
      LdrLoadDll: Blocking load of &apos;activedetect32.dll&apos; -- see http://www.mozilla.com/en-US/blocklist/
      LdrLoadDll: Blocking load of &apos;activedetect32.dll&apos; -- see http://www.mozilla.com/en-US/blocklist/
      LdrLoadDll: Blocking load of &apos;activedetect32.dll&apos; -- see http://www.mozilla.com/en-US/blocklist/
      LdrLoadDll: Blocking load of &apos;activedetect32.dll&apos; -- see http://www.mozilla.com/en-US/blocklist/
      LdrLoadDll: Blocking load of &apos;activedetect32.dll&apos; -- see http://www.mozilla.com/en-US/blocklist/
      LdrLoadDll: Blocking load of &apos;activedetect32.dll&apos; -- see http://www.mozilla.com/en-US/blocklist/
      LdrLoadDll: Blocking load of &apos;activedetect32.dll&apos; -- see http://www.mozilla.com/en-US/blocklist/
      LdrLoadDll: Blocking load of &apos;activedetect32.dll&apos; -- see http://www.mozilla.com/en-US/blocklist/
      LdrLoadDll: Blocking load of &apos;activedetect32.dll&apos; -- see http://www.mozilla.com/en-US/blocklist/
      LdrLoadDll: Blocking load of &apos;activedetect32.dll&apos; -- see http://www.mozilla.com/en-US/blocklist/
      LdrLoadDll: Blocking load of &apos;activedetect32.dll&apos; -- see http://www.mozilla.com/en-US/blocklist/
      LdrLoadDll: Blocking load of &apos;activedetect32.dll&apos; -- see http://www.mozilla.com/en-US/blocklist/
      LdrLoadDll: Blocking load of &apos;activedetect32.dll&apos; -- see http://www.mozilla.com/en-US/blocklist/
      LdrLoadDll: Blocking load of &apos;activedetect32.dll&apos; -- see http://www.mozilla.com/en-US/blocklist/
      LdrLoadDll: Blocking load of &apos;activedetect32.dll&apos; -- see http://www.mozilla.com/en-US/blocklist/
      LdrLoadDll: Blocking load of &apos;activedetect32.dll&apos; -- see http://www.mozilla.com/en-US/blocklist/
      LdrLoadDll: Blocking load of &apos;activedetect32.dll&apos; -- see http://www.mozilla.com/en-US/blocklist/
      LdrLoadDll: Blocking load of &apos;activedetect32.dll&apos; -- see http://www.mozilla.com/en-US/blocklist/
      LdrLoadDll: Blocking load of &apos;activedetect32.dll&apos; -- see http://www.mozilla.com/en-US/blocklist/
      LdrLoadDll: Blocking load of &apos;activedetect32.dll&apos; -- see http://www.mozilla.com/en-US/blocklist/
      LdrLoadDll: Blocking load of &apos;activedetect32.dll&apos; -- see http://www.mozilla.com/en-US/blocklist/
      LdrLoadDll: Blocking load of &apos;activedetect32.dll&apos; -- see http://www.mozilla.com/en-US/blocklist/
      LdrLoadDll: Blocking load of &apos;activedetect32.dll&apos; -- see http://www.mozilla.com/en-US/blocklist/
      LdrLoadDll: Blocking load of &apos;activedetect32.dll&apos; -- see http://www.mozilla.com/en-US/blocklist/
      LdrLoadDll: Blocking load of &apos;activedetect32.dll&apos; -- see http://www.mozilla.com/en-US/blocklist/
      LdrLoadDll: Blocking load of &apos;activedetect32.dll&apos; -- see http://www.mozilla.com/en-US/blocklist/
      LdrLoadDll: Blocking load of &apos;activedetect32.dll&apos; -- see http://www.mozilla.com/en-US/blocklist/
      LdrLoadDll: Blocking load of &apos;activedetect32.dll&apos; -- see http://www.mozilla.com/en-US/blocklist/
      LdrLoadDll: Blocking load of &apos;activedetect32.dll&apos; -- see http://www.mozilla.com/en-US/blocklist/
      LdrLoadDll: Blocking load of &apos;activedetect32.dll&apos; -- see http://www.mozilla.com/en-US/blocklist/
      LdrLoadDll: Blocking load of &apos;activedetect32.dll&apos; -- see http://www.mozilla.com/en-US/blocklist/
      
      	at org.openqa.selenium.firefox.internal.NewProfileExtensionConnection.start(NewProfileExtensionConnection.java:122)
      	... 52 more
      &amp;#27;[0m
</system-out>
  </testcase>
  <testcase time="48.147" classname="Scenario: I want to login to Udemy site with my email" name="When i click on Login link">
    <skipped/>
  </testcase>
  <testcase time="48.147" classname="Scenario: I want to login to Udemy site with my email" name="And enter valid email address">
    <skipped/>
  </testcase>
  <testcase time="48.161" classname="Scenario: I want to login to Udemy site with my email" name="And enter valid password">
    <skipped/>
  </testcase>
  <testcase time="48.163" classname="Scenario: I want to login to Udemy site with my email" name="And click on Login button">
    <skipped/>
  </testcase>
  <testcase time="48.166" classname="Scenario: I want to login to Udemy site with my email" name="Then i am logged in">
    <skipped/>
  </testcase>
  <testcase time="94.899" classname="Scenario: I want to login to Udemy site with my email" name="Scenario: I want to login to Udemy site with my email">
    <error message="Failed to instantiate class com.Udemy.UdemyStartingSteps" type="cucumber.runtime.CucumberException">cucumber.runtime.CucumberException: Failed to instantiate class com.Udemy.UdemyStartingSteps
	at cucumber.runtime.java.DefaultJavaObjectFactory.cacheNewInstance(DefaultJavaObjectFactory.java:46)
	at cucumber.runtime.java.DefaultJavaObjectFactory.getInstance(DefaultJavaObjectFactory.java:32)
	at cucumber.runtime.java.JavaHookDefinition.execute(JavaHookDefinition.java:60)
	at cucumber.runtime.Runtime.runHookIfTagsMatch(Runtime.java:223)
	at cucumber.runtime.Runtime.runHooks(Runtime.java:211)
	at cucumber.runtime.Runtime.runAfterHooks(Runtime.java:205)
	at cucumber.runtime.model.CucumberScenario.run(CucumberScenario.java:46)
	at cucumber.runtime.junit.ExecutionUnitRunner.run(ExecutionUnitRunner.java:91)
	at cucumber.runtime.junit.FeatureRunner.runChild(FeatureRunner.java:63)
	at cucumber.runtime.junit.FeatureRunner.runChild(FeatureRunner.java:18)
	at org.junit.runners.ParentRunner$3.run(ParentRunner.java:290)
	at org.junit.runners.ParentRunner$1.schedule(ParentRunner.java:71)
	at org.junit.runners.ParentRunner.runChildren(ParentRunner.java:288)
	at org.junit.runners.ParentRunner.access$000(ParentRunner.java:58)
	at org.junit.runners.ParentRunner$2.evaluate(ParentRunner.java:268)
	at org.junit.runners.ParentRunner.run(ParentRunner.java:363)
	at cucumber.runtime.junit.FeatureRunner.run(FeatureRunner.java:70)
	at cucumber.api.junit.Cucumber.runChild(Cucumber.java:93)
	at cucumber.api.junit.Cucumber.runChild(Cucumber.java:37)
	at org.junit.runners.ParentRunner$3.run(ParentRunner.java:290)
	at org.junit.runners.ParentRunner$1.schedule(ParentRunner.java:71)
	at org.junit.runners.ParentRunner.runChildren(ParentRunner.java:288)
	at org.junit.runners.ParentRunner.access$000(ParentRunner.java:58)
	at org.junit.runners.ParentRunner$2.evaluate(ParentRunner.java:268)
	at org.junit.runners.ParentRunner.run(ParentRunner.java:363)
	at cucumber.api.junit.Cucumber.run(Cucumber.java:98)
	at org.apache.maven.surefire.junit4.JUnit4Provider.execute(JUnit4Provider.java:252)
	at org.apache.maven.surefire.junit4.JUnit4Provider.executeTestSet(JUnit4Provider.java:141)
	at org.apache.maven.surefire.junit4.JUnit4Provider.invoke(JUnit4Provider.java:112)
	at sun.reflect.NativeMethodAccessorImpl.invoke0(Native Method)
	at sun.reflect.NativeMethodAccessorImpl.invoke(NativeMethodAccessorImpl.java:57)
	at sun.reflect.DelegatingMethodAccessorImpl.invoke(DelegatingMethodAccessorImpl.java:43)
	at java.lang.reflect.Method.invoke(Method.java:606)
	at org.apache.maven.surefire.util.ReflectionUtils.invokeMethodWithArray(ReflectionUtils.java:189)
	at org.apache.maven.surefire.booter.ProviderFactory$ProviderProxy.invoke(ProviderFactory.java:165)
	at org.apache.maven.surefire.booter.ProviderFactory.invokeProvider(ProviderFactory.java:85)
	at org.apache.maven.surefire.booter.ForkedBooter.runSuitesInProcess(ForkedBooter.java:115)
	at org.apache.maven.surefire.booter.ForkedBooter.main(ForkedBooter.java:75)
Caused by: java.lang.reflect.InvocationTargetException
	at sun.reflect.NativeConstructorAccessorImpl.newInstance0(Native Method)
	at sun.reflect.NativeConstructorAccessorImpl.newInstance(NativeConstructorAccessorImpl.java:57)
	at sun.reflect.DelegatingConstructorAccessorImpl.newInstance(DelegatingConstructorAccessorImpl.java:45)
	at java.lang.reflect.Constructor.newInstance(Constructor.java:526)
	at cucumber.runtime.java.DefaultJavaObjectFactory.cacheNewInstance(DefaultJavaObjectFactory.java:40)
	... 37 more
Caused by: org.openqa.selenium.WebDriverException: Failed to connect to binary FirefoxBinary(C:\Program Files (x86)\Mozilla Firefox\firefox.exe) on port 7055; process output follows: 
&apos; -- see http://www.mozilla.com/en-US/blocklist/
LdrLoadDll: Blocking load of &apos;activedetect32.dll&apos; -- see http://www.mozilla.com/en-US/blocklist/
LdrLoadDll: Blocking load of &apos;activedetect32.dll&apos; -- see http://www.mozilla.com/en-US/blocklist/
LdrLoadDll: Blocking load of &apos;activedetect32.dll&apos; -- see http://www.mozilla.com/en-US/blocklist/
LdrLoadDll: Blocking load of &apos;activedetect32.dll&apos; -- see http://www.mozilla.com/en-US/blocklist/
LdrLoadDll: Blocking load of &apos;activedetect32.dll&apos; -- see http://www.mozilla.com/en-US/blocklist/
LdrLoadDll: Blocking load of &apos;activedetect32.dll&apos; -- see http://www.mozilla.com/en-US/blocklist/
LdrLoadDll: Blocking load of &apos;activedetect32.dll&apos; -- see http://www.mozilla.com/en-US/blocklist/
LdrLoadDll: Blocking load of &apos;activedetect32.dll&apos; -- see http://www.mozilla.com/en-US/blocklist/
LdrLoadDll: Blocking load of &apos;activedetect32.dll&apos; -- see http://www.mozilla.com/en-US/blocklist/
LdrLoadDll: Blocking load of &apos;activedetect32.dll&apos; -- see http://www.mozilla.com/en-US/blocklist/
LdrLoadDll: Blocking load of &apos;activedetect32.dll&apos; -- see http://www.mozilla.com/en-US/blocklist/
JavaScript error: about:blank line 4 &gt; eval, line 1: ReferenceError: getBrowser is not defined
LdrLoadDll: Blocking load of &apos;activedetect32.dll&apos; -- see http://www.mozilla.com/en-US/blocklist/
LdrLoadDll: Blocking load of &apos;activedetect32.dll&apos; -- see http://www.mozilla.com/en-US/blocklist/
1450719948944	DeferredSave.extensions.json	DEBUG	Write succeeded
1450719948944	addons.xpi-utils	DEBUG	XPI Database saved, setting schema version preference to 17
1450719948944	DeferredSave.extensions.json	DEBUG	Starting timer
LdrLoadDll: Blocking load of &apos;activedetect32.dll&apos; -- see http://www.mozilla.com/en-US/blocklist/
LdrLoadDll: Blocking load of &apos;activedetect32.dll&apos; -- see http://www.mozilla.com/en-US/blocklist/
LdrLoadDll: Blocking load of &apos;activedetect32.dll&apos; -- see http://www.mozilla.com/en-US/blocklist/
1450719948965	DeferredSave.extensions.json	DEBUG	Starting write
1450719948974	addons.repository	DEBUG	No addons.json found.
1450719948975	DeferredSave.addons.json	DEBUG	Save changes
1450719948978	DeferredSave.addons.json	DEBUG	Starting timer
1450719948992	addons.manager	DEBUG	Starting provider: PreviousExperimentProvider
1450719948992	addons.manager	DEBUG	Registering shutdown blocker for PreviousExperimentProvider
1450719948992	addons.manager	DEBUG	Provider finished startup: PreviousExperimentProvider
1450719949011	DeferredSave.extensions.json	DEBUG	Write succeeded
1450719949042	DeferredSave.addons.json	DEBUG	Starting write
1450719949060	DeferredSave.addons.json	DEBUG	Write succeeded
LdrLoadDll: Blocking load of &apos;activedetect32.dll&apos; -- see http://www.mozilla.com/en-US/blocklist/
LdrLoadDll: Blocking load of &apos;activedetect32.dll&apos; -- see http://www.mozilla.com/en-US/blocklist/
LdrLoadDll: Blocking load of &apos;activedetect32.dll&apos; -- see http://www.mozilla.com/en-US/blocklist/
LdrLoadDll: Blocking load of &apos;activedetect32.dll&apos; -- see http://www.mozilla.com/en-US/blocklist/
LdrLoadDll: Blocking load of &apos;activedetect32.dll&apos; -- see http://www.mozilla.com/en-US/blocklist/
LdrLoadDll: Blocking load of &apos;activedetect32.dll&apos; -- see http://www.mozilla.com/en-US/blocklist/
LdrLoadDll: Blocking load of &apos;activedetect32.dll&apos; -- see http://www.mozilla.com/en-US/blocklist/
LdrLoadDll: Blocking load of &apos;activedetect32.dll&apos; -- see http://www.mozilla.com/en-US/blocklist/
LdrLoadDll: Blocking load of &apos;activedetect32.dll&apos; -- see http://www.mozilla.com/en-US/blocklist/
JavaScript error: resource://skype_ff_extension-at-jetpack/skype_ff_extension/data/c2c_options_menu_localization.js, line 189: TypeError: document.getElementById(...) is null
LdrLoadDll: Blocking load of &apos;activedetect32.dll&apos; -- see http://www.mozilla.com/en-US/blocklist/
LdrLoadDll: Blocking load of &apos;activedetect32.dll&apos; -- see http://www.mozilla.com/en-US/blocklist/
LdrLoadDll: Blocking load of &apos;activedetect32.dll&apos; -- see http://www.mozilla.com/en-US/blocklist/
LdrLoadDll: Blocking load of &apos;activedetect32.dll&apos; -- see http://www.mozilla.com/en-US/blocklist/

Build info: version: &apos;2.47.1&apos;, revision: &apos;unknown&apos;, time: &apos;2015-07-30 11:02:44&apos;
System info: host: &apos;Lateef-PC&apos;, ip: &apos;192.168.1.126&apos;, os.name: &apos;Windows 7&apos;, os.arch: &apos;amd64&apos;, os.version: &apos;6.1&apos;, java.version: &apos;1.7.0_45&apos;
Driver info: driver.version: FirefoxDriver
	at org.openqa.selenium.firefox.internal.NewProfileExtensionConnection.start(NewProfileExtensionConnection.java:134)
	at org.openqa.selenium.firefox.FirefoxDriver.startClient(FirefoxDriver.java:276)
	at org.openqa.selenium.remote.RemoteWebDriver.&lt;init&gt;(RemoteWebDriver.java:116)
	at org.openqa.selenium.firefox.FirefoxDriver.&lt;init&gt;(FirefoxDriver.java:221)
	at org.openqa.selenium.firefox.FirefoxDriver.&lt;init&gt;(FirefoxDriver.java:216)
	at org.openqa.selenium.firefox.FirefoxDriver.&lt;init&gt;(FirefoxDriver.java:212)
	at org.openqa.selenium.firefox.FirefoxDriver.&lt;init&gt;(FirefoxDriver.java:125)
	at com.Udemy.DriverFactory.createNewDriverInstance(DriverFactory.java:23)
	at com.Udemy.DriverFactory.initialize(DriverFactory.java:19)
	at com.Udemy.DriverFactory.&lt;init&gt;(DriverFactory.java:14)
	at com.Udemy.UdemyStartingSteps.&lt;init&gt;(UdemyStartingSteps.java:10)
	... 42 more
Caused by: org.openqa.selenium.firefox.NotConnectedException: Unable to connect to host 127.0.0.1 on port 7055 after 45000 ms. Firefox console output:
&apos; -- see http://www.mozilla.com/en-US/blocklist/
LdrLoadDll: Blocking load of &apos;activedetect32.dll&apos; -- see http://www.mozilla.com/en-US/blocklist/
LdrLoadDll: Blocking load of &apos;activedetect32.dll&apos; -- see http://www.mozilla.com/en-US/blocklist/
LdrLoadDll: Blocking load of &apos;activedetect32.dll&apos; -- see http://www.mozilla.com/en-US/blocklist/
LdrLoadDll: Blocking load of &apos;activedetect32.dll&apos; -- see http://www.mozilla.com/en-US/blocklist/
LdrLoadDll: Blocking load of &apos;activedetect32.dll&apos; -- see http://www.mozilla.com/en-US/blocklist/
LdrLoadDll: Blocking load of &apos;activedetect32.dll&apos; -- see http://www.mozilla.com/en-US/blocklist/
LdrLoadDll: Blocking load of &apos;activedetect32.dll&apos; -- see http://www.mozilla.com/en-US/blocklist/
LdrLoadDll: Blocking load of &apos;activedetect32.dll&apos; -- see http://www.mozilla.com/en-US/blocklist/
LdrLoadDll: Blocking load of &apos;activedetect32.dll&apos; -- see http://www.mozilla.com/en-US/blocklist/
LdrLoadDll: Blocking load of &apos;activedetect32.dll&apos; -- see http://www.mozilla.com/en-US/blocklist/
LdrLoadDll: Blocking load of &apos;activedetect32.dll&apos; -- see http://www.mozilla.com/en-US/blocklist/
JavaScript error: about:blank line 4 &gt; eval, line 1: ReferenceError: getBrowser is not defined
LdrLoadDll: Blocking load of &apos;activedetect32.dll&apos; -- see http://www.mozilla.com/en-US/blocklist/
LdrLoadDll: Blocking load of &apos;activedetect32.dll&apos; -- see http://www.mozilla.com/en-US/blocklist/
1450719948944	DeferredSave.extensions.json	DEBUG	Write succeeded
1450719948944	addons.xpi-utils	DEBUG	XPI Database saved, setting schema version preference to 17
1450719948944	DeferredSave.extensions.json	DEBUG	Starting timer
LdrLoadDll: Blocking load of &apos;activedetect32.dll&apos; -- see http://www.mozilla.com/en-US/blocklist/
LdrLoadDll: Blocking load of &apos;activedetect32.dll&apos; -- see http://www.mozilla.com/en-US/blocklist/
LdrLoadDll: Blocking load of &apos;activedetect32.dll&apos; -- see http://www.mozilla.com/en-US/blocklist/
1450719948965	DeferredSave.extensions.json	DEBUG	Starting write
1450719948974	addons.repository	DEBUG	No addons.json found.
1450719948975	DeferredSave.addons.json	DEBUG	Save changes
1450719948978	DeferredSave.addons.json	DEBUG	Starting timer
1450719948992	addons.manager	DEBUG	Starting provider: PreviousExperimentProvider
1450719948992	addons.manager	DEBUG	Registering shutdown blocker for PreviousExperimentProvider
1450719948992	addons.manager	DEBUG	Provider finished startup: PreviousExperimentProvider
1450719949011	DeferredSave.extensions.json	DEBUG	Write succeeded
1450719949042	DeferredSave.addons.json	DEBUG	Starting write
1450719949060	DeferredSave.addons.json	DEBUG	Write succeeded
LdrLoadDll: Blocking load of &apos;activedetect32.dll&apos; -- see http://www.mozilla.com/en-US/blocklist/
LdrLoadDll: Blocking load of &apos;activedetect32.dll&apos; -- see http://www.mozilla.com/en-US/blocklist/
LdrLoadDll: Blocking load of &apos;activedetect32.dll&apos; -- see http://www.mozilla.com/en-US/blocklist/
LdrLoadDll: Blocking load of &apos;activedetect32.dll&apos; -- see http://www.mozilla.com/en-US/blocklist/
LdrLoadDll: Blocking load of &apos;activedetect32.dll&apos; -- see http://www.mozilla.com/en-US/blocklist/
LdrLoadDll: Blocking load of &apos;activedetect32.dll&apos; -- see http://www.mozilla.com/en-US/blocklist/
LdrLoadDll: Blocking load of &apos;activedetect32.dll&apos; -- see http://www.mozilla.com/en-US/blocklist/
LdrLoadDll: Blocking load of &apos;activedetect32.dll&apos; -- see http://www.mozilla.com/en-US/blocklist/
LdrLoadDll: Blocking load of &apos;activedetect32.dll&apos; -- see http://www.mozilla.com/en-US/blocklist/
JavaScript error: resource://skype_ff_extension-at-jetpack/skype_ff_extension/data/c2c_options_menu_localization.js, line 189: TypeError: document.getElementById(...) is null
LdrLoadDll: Blocking load of &apos;activedetect32.dll&apos; -- see http://www.mozilla.com/en-US/blocklist/
LdrLoadDll: Blocking load of &apos;activedetect32.dll&apos; -- see http://www.mozilla.com/en-US/blocklist/
LdrLoadDll: Blocking load of &apos;activedetect32.dll&apos; -- see http://www.mozilla.com/en-US/blocklist/
LdrLoadDll: Blocking load of &apos;activedetect32.dll&apos; -- see http://www.mozilla.com/en-US/blocklist/

	at org.openqa.selenium.firefox.internal.NewProfileExtensionConnection.start(NewProfileExtensionConnection.java:122)
	... 52 more
</error>
    <system-err>org.openqa.selenium.firefox.NotConnectedException: Unable to connect to host 127.0.0.1 on port 7055 after 45000 ms. Firefox console output:
&apos; -- see http://www.mozilla.com/en-US/blocklist/
LdrLoadDll: Blocking load of &apos;activedetect32.dll&apos; -- see http://www.mozilla.com/en-US/blocklist/
LdrLoadDll: Blocking load of &apos;activedetect32.dll&apos; -- see http://www.mozilla.com/en-US/blocklist/
LdrLoadDll: Blocking load of &apos;activedetect32.dll&apos; -- see http://www.mozilla.com/en-US/blocklist/
LdrLoadDll: Blocking load of &apos;activedetect32.dll&apos; -- see http://www.mozilla.com/en-US/blocklist/
LdrLoadDll: Blocking load of &apos;activedetect32.dll&apos; -- see http://www.mozilla.com/en-US/blocklist/
LdrLoadDll: Blocking load of &apos;activedetect32.dll&apos; -- see http://www.mozilla.com/en-US/blocklist/
LdrLoadDll: Blocking load of &apos;activedetect32.dll&apos; -- see http://www.mozilla.com/en-US/blocklist/
LdrLoadDll: Blocking load of &apos;activedetect32.dll&apos; -- see http://www.mozilla.com/en-US/blocklist/
LdrLoadDll: Blocking load of &apos;activedetect32.dll&apos; -- see http://www.mozilla.com/en-US/blocklist/
LdrLoadDll: Blocking load of &apos;activedetect32.dll&apos; -- see http://www.mozilla.com/en-US/blocklist/
LdrLoadDll: Blocking load of &apos;activedetect32.dll&apos; -- see http://www.mozilla.com/en-US/blocklist/
JavaScript error: about:blank line 4 &gt; eval, line 1: ReferenceError: getBrowser is not defined
LdrLoadDll: Blocking load of &apos;activedetect32.dll&apos; -- see http://www.mozilla.com/en-US/blocklist/
LdrLoadDll: Blocking load of &apos;activedetect32.dll&apos; -- see http://www.mozilla.com/en-US/blocklist/
1450719948944	DeferredSave.extensions.json	DEBUG	Write succeeded
1450719948944	addons.xpi-utils	DEBUG	XPI Database saved, setting schema version preference to 17
1450719948944	DeferredSave.extensions.json	DEBUG	Starting timer
LdrLoadDll: Blocking load of &apos;activedetect32.dll&apos; -- see http://www.mozilla.com/en-US/blocklist/
LdrLoadDll: Blocking load of &apos;activedetect32.dll&apos; -- see http://www.mozilla.com/en-US/blocklist/
LdrLoadDll: Blocking load of &apos;activedetect32.dll&apos; -- see http://www.mozilla.com/en-US/blocklist/
1450719948965	DeferredSave.extensions.json	DEBUG	Starting write
1450719948974	addons.repository	DEBUG	No addons.json found.
1450719948975	DeferredSave.addons.json	DEBUG	Save changes
1450719948978	DeferredSave.addons.json	DEBUG	Starting timer
1450719948992	addons.manager	DEBUG	Starting provider: PreviousExperimentProvider
1450719948992	addons.manager	DEBUG	Registering shutdown blocker for PreviousExperimentProvider
1450719948992	addons.manager	DEBUG	Provider finished startup: PreviousExperimentProvider
1450719949011	DeferredSave.extensions.json	DEBUG	Write succeeded
1450719949042	DeferredSave.addons.json	DEBUG	Starting write
1450719949060	DeferredSave.addons.json	DEBUG	Write succeeded
LdrLoadDll: Blocking load of &apos;activedetect32.dll&apos; -- see http://www.mozilla.com/en-US/blocklist/
LdrLoadDll: Blocking load of &apos;activedetect32.dll&apos; -- see http://www.mozilla.com/en-US/blocklist/
LdrLoadDll: Blocking load of &apos;activedetect32.dll&apos; -- see http://www.mozilla.com/en-US/blocklist/
LdrLoadDll: Blocking load of &apos;activedetect32.dll&apos; -- see http://www.mozilla.com/en-US/blocklist/
LdrLoadDll: Blocking load of &apos;activedetect32.dll&apos; -- see http://www.mozilla.com/en-US/blocklist/
LdrLoadDll: Blocking load of &apos;activedetect32.dll&apos; -- see http://www.mozilla.com/en-US/blocklist/
LdrLoadDll: Blocking load of &apos;activedetect32.dll&apos; -- see http://www.mozilla.com/en-US/blocklist/
LdrLoadDll: Blocking load of &apos;activedetect32.dll&apos; -- see http://www.mozilla.com/en-US/blocklist/
LdrLoadDll: Blocking load of &apos;activedetect32.dll&apos; -- see http://www.mozilla.com/en-US/blocklist/
JavaScript error: resource://skype_ff_extension-at-jetpack/skype_ff_extension/data/c2c_options_menu_localization.js, line 189: TypeError: document.getElementById(...) is null
LdrLoadDll: Blocking load of &apos;activedetect32.dll&apos; -- see http://www.mozilla.com/en-US/blocklist/
LdrLoadDll: Blocking load of &apos;activedetect32.dll&apos; -- see http://www.mozilla.com/en-US/blocklist/
LdrLoadDll: Blocking load of &apos;activedetect32.dll&apos; -- see http://www.mozilla.com/en-US/blocklist/
LdrLoadDll: Blocking load of &apos;activedetect32.dll&apos; -- see http://www.mozilla.com/en-US/blocklist/

	at org.openqa.selenium.firefox.internal.NewProfileExtensionConnection.start(NewProfileExtensionConnection.java:122)
	at org.openqa.selenium.firefox.FirefoxDriver.startClient(FirefoxDriver.java:276)
	at org.openqa.selenium.remote.RemoteWebDriver.&lt;init&gt;(RemoteWebDriver.java:116)
	at org.openqa.selenium.firefox.FirefoxDriver.&lt;init&gt;(FirefoxDriver.java:221)
	at org.openqa.selenium.firefox.FirefoxDriver.&lt;init&gt;(FirefoxDriver.java:216)
	at org.openqa.selenium.firefox.FirefoxDriver.&lt;init&gt;(FirefoxDriver.java:212)
	at org.openqa.selenium.firefox.FirefoxDriver.&lt;init&gt;(FirefoxDriver.java:125)
	at com.Udemy.DriverFactory.createNewDriverInstance(DriverFactory.java:23)
	at com.Udemy.DriverFactory.initialize(DriverFactory.java:19)
	at com.Udemy.DriverFactory.&lt;init&gt;(DriverFactory.java:14)
	at com.Udemy.UdemyStartingSteps.&lt;init&gt;(UdemyStartingSteps.java:10)
	at sun.reflect.NativeConstructorAccessorImpl.newInstance0(Native Method)
	at sun.reflect.NativeConstructorAccessorImpl.newInstance(NativeConstructorAccessorImpl.java:57)
	at sun.reflect.DelegatingConstructorAccessorImpl.newInstance(DelegatingConstructorAccessorImpl.java:45)
	at java.lang.reflect.Constructor.newInstance(Constructor.java:526)
	at cucumber.runtime.java.DefaultJavaObjectFactory.cacheNewInstance(DefaultJavaObjectFactory.java:40)
	at cucumber.runtime.java.DefaultJavaObjectFactory.getInstance(DefaultJavaObjectFactory.java:32)
	at cucumber.runtime.java.JavaHookDefinition.execute(JavaHookDefinition.java:60)
	at cucumber.runtime.Runtime.runHookIfTagsMatch(Runtime.java:223)
	at cucumber.runtime.Runtime.runHooks(Runtime.java:211)
	at cucumber.runtime.Runtime.runAfterHooks(Runtime.java:205)
	at cucumber.runtime.model.CucumberScenario.run(CucumberScenario.java:46)
	at cucumber.runtime.junit.ExecutionUnitRunner.run(ExecutionUnitRunner.java:91)
	at cucumber.runtime.junit.FeatureRunner.runChild(FeatureRunner.java:63)
	at cucumber.runtime.junit.FeatureRunner.runChild(FeatureRunner.java:18)
	at org.junit.runners.ParentRunner$3.run(ParentRunner.java:290)
	at org.junit.runners.ParentRunner$1.schedule(ParentRunner.java:71)
	at org.junit.runners.ParentRunner.runChildren(ParentRunner.java:288)
	at org.junit.runners.ParentRunner.access$000(ParentRunner.java:58)
	at org.junit.runners.ParentRunner$2.evaluate(ParentRunner.java:268)
	at org.junit.runners.ParentRunner.run(ParentRunner.java:363)
	at cucumber.runtime.junit.FeatureRunner.run(FeatureRunner.java:70)
	at cucumber.api.junit.Cucumber.runChild(Cucumber.java:93)
	at cucumber.api.junit.Cucumber.runChild(Cucumber.java:37)
	at org.junit.runners.ParentRunner$3.run(ParentRunner.java:290)
	at org.junit.runners.ParentRunner$1.schedule(ParentRunner.java:71)
	at org.junit.runners.ParentRunner.runChildren(ParentRunner.java:288)
	at org.junit.runners.ParentRunner.access$000(ParentRunner.java:58)
	at org.junit.runners.ParentRunner$2.evaluate(ParentRunner.java:268)
	at org.junit.runners.ParentRunner.run(ParentRunner.java:363)
	at cucumber.api.junit.Cucumber.run(Cucumber.java:98)
	at org.apache.maven.surefire.junit4.JUnit4Provider.execute(JUnit4Provider.java:252)
	at org.apache.maven.surefire.junit4.JUnit4Provider.executeTestSet(JUnit4Provider.java:141)
	at org.apache.maven.surefire.junit4.JUnit4Provider.invoke(JUnit4Provider.java:112)
	at sun.reflect.NativeMethodAccessorImpl.invoke0(Native Method)
	at sun.reflect.NativeMethodAccessorImpl.invoke(NativeMethodAccessorImpl.java:57)
	at sun.reflect.DelegatingMethodAccessorImpl.invoke(DelegatingMethodAccessorImpl.java:43)
	at java.lang.reflect.Method.invoke(Method.java:606)
	at org.apache.maven.surefire.util.ReflectionUtils.invokeMethodWithArray(ReflectionUtils.java:189)
	at org.apache.maven.surefire.booter.ProviderFactory$ProviderProxy.invoke(ProviderFactory.java:165)
	at org.apache.maven.surefire.booter.ProviderFactory.invokeProvider(ProviderFactory.java:85)
	at org.apache.maven.surefire.booter.ForkedBooter.runSuitesInProcess(ForkedBooter.java:115)
	at org.apache.maven.surefire.booter.ForkedBooter.main(ForkedBooter.java:75)
</system-err>
  </testcase>
</testsuite>